# JRE version: OpenJDK Runtime Environment JBR-17.0.9+8-1166.2-nomod (17.0.9+8) (build 17.0.9+8-b1166.2)
# Java VM: OpenJDK 64-Bit Server VM JBR-17.0.9+8-1166.2-nomod (17.0.9+8-b1166.2, mixed mode, tiered, compressed oops, compressed class ptrs, g1 gc, bsd-aarch64)
Heap:
 garbage-first heap   total 161792K, used 101538K [0x0000000700000000, 0x0000000800000000)
  region size 2048K, 13 young (26624K), 2 survivors (4096K)
 Metaspace       used 32869K, committed 33152K, reserved 1114112K
  class space    used 4250K, committed 4352K, reserved 1048576K
GC Heap History (16 events):
Event: 1.003 GC heap before
{Heap before GC invocations=0 (full 0):
 garbage-first heap   total 262144K, used 22528K [0x0000000700000000, 0x0000000800000000)
  region size 2048K, 11 young (22528K), 0 survivors (0K)
 Metaspace       used 11173K, committed 11328K, reserved 1114112K
  class space    used 1073K, committed 1152K, reserved 1048576K
}
Event: 1.005 GC heap after
{Heap after GC invocations=1 (full 0):
 garbage-first heap   total 262144K, used 3995K [0x0000000700000000, 0x0000000800000000)
  region size 2048K, 2 young (4096K), 2 survivors (4096K)
 Metaspace       used 11173K, committed 11328K, reserved 1114112K
  class space    used 1073K, committed 1152K, reserved 1048576K
}
Event: 6.239 GC heap before
{Heap before GC invocations=1 (full 0):
 garbage-first heap   total 262144K, used 28571K [0x0000000700000000, 0x0000000800000000)
  region size 2048K, 15 young (30720K), 2 survivors (4096K)
 Metaspace       used 21247K, committed 21504K, reserved 1114112K
  class space    used 2340K, committed 2432K, reserved 1048576K
}
Event: 6.242 GC heap after
{Heap after GC invocations=2 (full 0):
 garbage-first heap   total 262144K, used 7033K [0x0000000700000000, 0x0000000800000000)
  region size 2048K, 2 young (4096K), 2 survivors (4096K)
 Metaspace       used 21247K, committed 21504K, reserved 1114112K
  class space    used 2340K, committed 2432K, reserved 1048576K
}
Event: 6.300 GC heap before
{Heap before GC invocations=3 (full 0):
 garbage-first heap   total 34816K, used 21369K [0x0000000700000000, 0x0000000800000000)
  region size 2048K, 8 young (16384K), 2 survivors (4096K)
 Metaspace       used 23597K, committed 23808K, reserved 1114112K
  class space    used 2805K, committed 2880K, reserved 1048576K
}
Event: 6.301 GC heap after
{Heap after GC invocations=4 (full 0):
 garbage-first heap   total 34816K, used 12657K [0x0000000700000000, 0x0000000800000000)
  region size 2048K, 3 young (6144K), 3 survivors (6144K)
 Metaspace       used 23597K, committed 23808K, reserved 1114112K
  class space    used 2805K, committed 2880K, reserved 1048576K
}
Event: 6.310 GC heap before
{Heap before GC invocations=4 (full 0):
 garbage-first heap   total 34816K, used 20849K [0x0000000700000000, 0x0000000800000000)
  region size 2048K, 4 young (8192K), 3 survivors (6144K)
 Metaspace       used 23602K, committed 23808K, reserved 1114112K
  class space    used 2807K, committed 2880K, reserved 1048576K
}
Event: 6.311 GC heap after
{Heap after GC invocations=5 (full 0):
 garbage-first heap   total 34816K, used 21084K [0x0000000700000000, 0x0000000800000000)
  region size 2048K, 1 young (2048K), 1 survivors (2048K)
 Metaspace       used 23602K, committed 23808K, reserved 1114112K
  class space    used 2807K, committed 2880K, reserved 1048576K
}
Event: 6.334 GC heap before
{Heap before GC invocations=6 (full 0):
 garbage-first heap   total 51200K, used 41564K [0x0000000700000000, 0x0000000800000000)
  region size 2048K, 2 young (4096K), 1 survivors (2048K)
 Metaspace       used 23608K, committed 23872K, reserved 1114112K
  class space    used 2807K, committed 2880K, reserved 1048576K
}
Event: 6.334 GC heap after
{Heap after GC invocations=7 (full 0):
 garbage-first heap   total 51200K, used 41275K [0x0000000700000000, 0x0000000800000000)
  region size 2048K, 1 young (2048K), 1 survivors (2048K)
 Metaspace       used 23608K, committed 23872K, reserved 1114112K
  class space    used 2807K, committed 2880K, reserved 1048576K
}
Event: 6.339 GC heap before
{Heap before GC invocations=7 (full 0):
 garbage-first heap   total 55296K, used 45371K [0x0000000700000000, 0x0000000800000000)
  region size 2048K, 2 young (4096K), 1 survivors (2048K)
 Metaspace       used 23609K, committed 23872K, reserved 1114112K
  class space    used 2807K, committed 2880K, reserved 1048576K
}
Event: 6.340 GC heap after
{Heap after GC invocations=8 (full 0):
 garbage-first heap   total 55296K, used 45292K [0x0000000700000000, 0x0000000800000000)
  region size 2048K, 1 young (2048K), 1 survivors (2048K)
 Metaspace       used 23609K, committed 23872K, reserved 1114112K
  class space    used 2807K, committed 2880K, reserved 1048576K
}
Event: 6.344 GC heap before
{Heap before GC invocations=8 (full 0):
 garbage-first heap   total 59392K, used 49388K [0x0000000700000000, 0x0000000800000000)
  region size 2048K, 2 young (4096K), 1 survivors (2048K)
 Metaspace       used 23609K, committed 23872K, reserved 1114112K
  class space    used 2807K, committed 2880K, reserved 1048576K
}
Event: 6.344 GC heap after
{Heap after GC invocations=9 (full 0):
 garbage-first heap   total 161792K, used 49369K [0x0000000700000000, 0x0000000800000000)
  region size 2048K, 1 young (2048K), 1 survivors (2048K)
 Metaspace       used 23609K, committed 23872K, reserved 1114112K
  class space    used 2807K, committed 2880K, reserved 1048576K
}
Event: 9.329 GC heap before
{Heap before GC invocations=9 (full 0):
 garbage-first heap   total 161792K, used 104665K [0x0000000700000000, 0x0000000800000000)
  region size 2048K, 18 young (36864K), 1 survivors (2048K)
 Metaspace       used 31230K, committed 31552K, reserved 1114112K
  class space    used 4071K, committed 4224K, reserved 1048576K
}
Event: 9.332 GC heap after
{Heap after GC invocations=10 (full 0):
 garbage-first heap   total 161792K, used 74914K [0x0000000700000000, 0x0000000800000000)
  region size 2048K, 2 young (4096K), 2 survivors (4096K)
 Metaspace       used 31230K, committed 31552K, reserved 1114112K
  class space    used 4071K, committed 4224K, reserved 1048576K
}

